<?xml version="1.0" encoding="UTF-8"?>
<robot generator="Robot 7.3.2 (Python 3.13.7 on win32)" generated="2025-09-22T15:16:42.962204" rpa="false" schemaversion="5">
<suite id="s1" name="Booking Tests" source="C:\Users\emanu\OneDrive\Documentos\Projeto RobotFrameWork - PB\tests\booking_tests.robot">
<test id="s1-t1" name="[GET] Listar todas as reservas" line="9">
<kw name="Criar Sessao Booker" owner="booking_keywords">
<kw name="Create Session" owner="RequestsLibrary">
<msg time="2025-09-22T15:16:43.078699" level="INFO">Creating Session using : alias=booker, url=https://restful-booker.herokuapp.com, headers={},                     cookies={}, auth=None, timeout=None, proxies=None, verify=False,                     debug=0 </msg>
<arg>booker</arg>
<arg>${BASE_URL}</arg>
<doc>Create Session: create a HTTP session to a server</doc>
<status status="PASS" start="2025-09-22T15:16:43.078536" elapsed="0.000347"/>
</kw>
<status status="PASS" start="2025-09-22T15:16:43.078097" elapsed="0.000864"/>
</kw>
<kw name="GET On Session" owner="RequestsLibrary">
<msg time="2025-09-22T15:16:43.616647" level="INFO">GET Request : url=https://restful-booker.herokuapp.com/booking 
 path_url=/booking 
 headers={'User-Agent': 'python-requests/2.32.5', 'Accept-Encoding': 'gzip, deflate', 'Accept': '*/*', 'Connection': 'keep-alive'} 
 body=None 
 </msg>
<msg time="2025-09-22T15:16:43.617010" level="INFO">GET Response : url=https://restful-booker.herokuapp.com/booking 
 status=200, reason=OK 
 headers={'Content-Length': '38932', 'Content-Type': 'application/json; charset=utf-8', 'Date': 'Mon, 22 Sep 2025 18:16:49 GMT', 'Etag': 'W/"9814-MdmCAgRWjDamM1Wcb20AIVKsC9Y"', 'Nel': '{"report_to":"heroku-nel","response_headers":["Via"],"max_age":3600,"success_fraction":0.01,"failure_fraction":0.1}', 'Report-To': '{"group":"heroku-nel","endpoints":[{"url":"https://nel.heroku.com/reports?s=hYWeNBVzAOPnzZRM4OKRT6eWRJ%2F2uljBon3FgkSelbE%3D\\u0026sid=c46efe9b-d3d2-4a0c-8c76-bfafa16c5add\\u0026ts=1758565009"}],"max_age":3600}', 'Reporting-Endpoints': 'heroku-nel="https://nel.heroku.com/reports?s=hYWeNBVzAOPnzZRM4OKRT6eWRJ%2F2uljBon3FgkSelbE%3D&amp;sid=c46efe9b-d3d2-4a0c-8c76-bfafa16c5add&amp;ts=1758565009"', 'Server': 'Heroku', 'Via': '1.1 heroku-router', 'X-Powered-By': 'Express'} 
 body=[{"bookingid":2066},{"bookingid":684},{"bookingid":1148},{"bookingid":2549},{"bookingid":3},{"bookingid":2880},{"bookingid":245},{"bookingid":1597},{"bookingid":1546},{"bookingid":1247},{"bookingid":572},{"bookingid":758},{"bookingid":43},{"bookingid":571},{"bookingid":1907},{"bookingid":1732},{"bookingid":2908},{"bookingid":2683},{"bookingid":140},{"bookingid":2587},{"bookingid":39},{"bookingid":502},{"bookingid":1567},{"bookingid":248},{"bookingid":2757},{"bookingid":1959},{"bookingid":792},{"bookingid":179},{"bookingid":1637},{"bookingid":2716},{"bookingid":1080},{"bookingid":465},{"bookingid":1041},{"bookingid":2839},{"bookingid":2969},{"bookingid":608},{"bookingid":2050},{"bookingid":1528},{"bookingid":2898},{"bookingid":2621},{"bookingid":677},{"bookingid":1281},{"bookingid":211},{"bookingid":2266},{"bookingid":1351},{"bookingid":163},{"bookingid":2460},{"bookingid":726},{"bookingid":1376},{"bookingid":484},{"bookingid":175},{"bookingid":2046},{"bookingid":1569},{"bookingid":1277},{"bookingid":1573},{"bookingid":2431},{"bookingid":1704},{"bookingid":1242},{"bookingid":2691},{"bookingid":292},{"bookingid":2607},{"bookingid":2303},{"bookingid":2256},{"bookingid":463},{"bookingid":1808},{"bookingid":2069},{"bookingid":1869},{"bookingid":2142},{"bookingid":1259},{"bookingid":1217},{"bookingid":2131},{"bookingid":652},{"bookingid":774},{"bookingid":1889},{"bookingid":1553},{"bookingid":452},{"bookingid":2305},{"bookingid":399},{"bookingid":609},{"bookingid":1589},{"bookingid":2217},{"bookingid":1813},{"bookingid":1429},{"bookingid":1130},{"bookingid":2333},{"bookingid":592},{"bookingid":2778},{"bookingid":1738},{"bookingid":2466},{"bookingid":1471},{"bookingid":875},{"bookingid":18},{"bookingid":901},{"bookingid":1049},{"bookingid":117},{"bookingid":427},{"bookingid":2572},{"bookingid":2745},{"bookingid":220},{"bookingid":1224},{"bookingid":1105},{"bookingid":2141},{"bookingid":269},{"bookingid":1501},{"bookingid":2797},{"bookingid":1681},{"bookingid":2998},{"bookingid":1749},{"bookingid":1960},{"bookingid":899},{"bookingid":1316},{"bookingid":730},{"bookingid":2085},{"bookingid":89},{"bookingid":65},{"bookingid":440},{"bookingid":16},{"bookingid":1274},{"bookingid":1659},{"bookingid":458},{"bookingid":2313},{"bookingid":1622},{"bookingid":2851},{"bookingid":1077},{"bookingid":2116},{"bookingid":819},{"bookingid":680},{"bookingid":304},{"bookingid":2178},{"bookingid":1615},{"bookingid":1288},{"bookingid":1955},{"bookingid":321},{"bookingid":2250},{"bookingid":2987},{"bookingid":2262},{"bookingid":722},{"bookingid":2342},{"bookingid":962},{"bookingid":2068},{"bookingid":2981},{"bookingid":2923},{"bookingid":2556},{"bookingid":509},{"bookingid":1559},{"bookingid":2965},{"bookingid":2632},{"bookingid":920},{"bookingid":2847},{"bookingid":1416},{"bookingid":415},{"bookingid":1504},{"bookingid":3017},{"bookingid":513},{"bookingid":2045},{"bookingid":679},{"bookingid":1599},{"bookingid":1902},{"bookingid":1043},{"bookingid":2835},{"bookingid":2760},{"bookingid":2203},{"bookingid":1454},{"bookingid":1551},{"bookingid":2996},{"bookingid":367},{"bookingid":1701},{"bookingid":1735},{"bookingid":2018},{"bookingid":105},{"bookingid":1104},{"bookingid":1628},{"bookingid":2194},{"bookingid":2340},{"bookingid":1391},{"bookingid":1181},{"bookingid":2883},{"bookingid":157},{"bookingid":93},{"bookingid":2730},{"bookingid":2718},{"bookingid":2512},{"bookingid":2860},{"bookingid":530},{"bookingid":1478},{"bookingid":752},{"bookingid":937},{"bookingid":102},{"bookingid":500},{"bookingid":58},{"bookingid":1375},{"bookingid":12},{"bookingid":47},{"bookingid":1976},{"bookingid":1607},{"bookingid":1070},{"bookingid":2579},{"bookingid":1853},{"bookingid":2530},{"bookingid":972},{"bookingid":2597},{"bookingid":2957},{"bookingid":255},{"bookingid":2508},{"bookingid":1829},{"bookingid":2179},{"bookingid":1220},{"bookingid":2222},{"bookingid":631},{"bookingid":978},{"bookingid":736},{"bookingid":21},{"bookingid":1656},{"bookingid":447},{"bookingid":349},{"bookingid":2280},{"bookingid":2673},{"bookingid":1737},{"bookingid":1333},{"bookingid":2166},{"bookingid":1457},{"bookingid":1039},{"bookingid":1782},{"bookingid":1965},{"bookingid":2917},{"bookingid":1142},{"bookingid":2805},{"bookingid":129},{"bookingid":3036},{"bookingid":832},{"bookingid":584},{"bookingid":1079},{"bookingid":1964},{"bookingid":2652},{"bookingid":1448},{"bookingid":2977},{"bookingid":881},{"bookingid":535},{"bookingid":1906},{"bookingid":1047},{"bookingid":2465},{"bookingid":2609},{"bookingid":1892},{"bookingid":649},{"bookingid":550},{"bookingid":1939},{"bookingid":1515},{"bookingid":975},{"bookingid":2039},{"bookingid":382},{"bookingid":1380},{"bookingid":624},{"bookingid":1372},{"bookingid":1469},{"bookingid":2370},{"bookingid":1212},{"bookingid":2428},{"bookingid":921},{"bookingid":2227},{"bookingid":1418},{"bookingid":2634},{"bookingid":598},{"bookingid":2518},{"bookingid":212},{"bookingid":2405},{"bookingid":619},{"bookingid":2958},{"bookingid":1210},{"bookingid":1266},{"bookingid":2842},{"bookingid":409},{"bookingid":2374},{"bookingid":2315},{"bookingid":2666},{"bookingid":372},{"bookingid":2354},{"bookingid":2237},{"bookingid":2982},{"bookingid":1141},{"bookingid":2547},{"bookingid":1419},{"bookingid":767},{"bookingid":339},{"bookingid":664},{"bookingid":967},{"bookingid":1718},{"bookingid":1428},{"bookingid":2925},{"bookingid":1190},{"bookingid":2523},{"bookingid":479},{"bookingid":291},{"bookingid":1863},{"bookingid":2660},{"bookingid":1719},{"bookingid":2509},{"bookingid":3001},{"bookingid":1586},{"bookingid":504},{"bookingid":1774},{"bookingid":2206},{"bookingid":882},{"bookingid":2722},{"bookingid":302},{"bookingid":2471},{"bookingid":2036},{"bookingid":185},{"bookingid":174},{"bookingid":1667},{"bookingid":2092},{"bookingid":2005},{"bookingid":132},{"bookingid":1112},{"bookingid":7},{"bookingid":340},{"bookingid":2244},{"bookingid":2897},{"bookingid":344},{"bookingid":1006},{"bookingid":750},{"bookingid":106},{"bookingid":1483},{"bookingid":2905},{"bookingid":1948},{"bookingid":2007},{"bookingid":528},{"bookingid":130},{"bookingid":1139},{"bookingid":6},{"bookingid":755},{"bookingid":678},{"bookingid":1156},{"bookingid":1583},{"bookingid":38},{"bookingid":794},{"bookingid":1857},{"bookingid":1875},{"bookingid":1133},{"bookingid":1987},{"bookingid":4},{"bookingid":2035},{"bookingid":2927},{"bookingid":933},{"bookingid":606},{"bookingid":622},{"bookingid":1434},{"bookingid":782},{"bookingid":1480},{"bookingid":2614},{"bookingid":421},{"bookingid":2505},{"bookingid":2169},{"bookingid":32},{"bookingid":28},{"bookingid":2578},{"bookingid":1409},{"bookingid":1293},{"bookingid":1089},{"bookingid":2022},{"bookingid":2911},{"bookingid":1860},{"bookingid":475},{"bookingid":2033},{"bookingid":254},{"bookingid":2770},{"bookingid":2813},{"bookingid":2606},{"bookingid":1850},{"bookingid":295},{"bookingid":2740},{"bookingid":888},{"bookingid":1995},{"bookingid":2204},{"bookingid":1421},{"bookingid":2690},{"bookingid":315},{"bookingid":314},{"bookingid":918},{"bookingid":974},{"bookingid":927},{"bookingid":2396},{"bookingid":596},{"bookingid":2472},{"bookingid":1856},{"bookingid":224},{"bookingid":934},{"bookingid":2973},{"bookingid":2119},{"bookingid":1977},{"bookingid":1265},{"bookingid":206},{"bookingid":1028},{"bookingid":732},{"bookingid":781},{"bookingid":223},{"bookingid":2575},{"bookingid":1769},{"bookingid":2698},{"bookingid":1491},{"bookingid":323},{"bookingid":190},{"bookingid":1169},{"bookingid":2551},{"bookingid":560},{"bookingid":2942},{"bookingid":2057},{"bookingid":3004},{"bookingid":629},{"bookingid":307},{"bookingid":1916},{"bookingid":2336},{"bookingid":1952},{"bookingid":1876},{"bookingid":527},{"bookingid":2211},{"bookingid":412},{"bookingid":1747},{"bookingid":2443},{"bookingid":1847},{"bookingid":196},{"bookingid":1246},{"bookingid":2968},{"bookingid":169},{"bookingid":1890},{"bookingid":817},{"bookingid":1641},{"bookingid":476},{"bookingid":2011},{"bookingid":1359},{"bookingid":2232},{"bookingid":2582},{"bookingid":63},{"bookingid":2879},{"bookingid":645},{"bookingid":1473},{"bookingid":13},{"bookingid":1802},{"bookingid":72},{"bookingid":1621},{"bookingid":2542},{"bookingid":823},{"bookingid":877},{"bookingid":1045},{"bookingid":1867},{"bookingid":610},{"bookingid":2205},{"bookingid":2445},{"bookingid":577},{"bookingid":2884},{"bookingid":2360},{"bookingid":457},{"bookingid":2361},{"bookingid":194},{"bookingid":1881},{"bookingid":865},{"bookingid":1024},{"bookingid":2281},{"bookingid":1993},{"bookingid":275},{"bookingid":2369},{"bookingid":176},{"bookingid":2456},{"bookingid":2489},{"bookingid":2138},{"bookingid":2708},{"bookingid":2735},{"bookingid":2812},{"bookingid":1507},{"bookingid":2583},{"bookingid":1924},{"bookingid":724},{"bookingid":1655},{"bookingid":2945},{"bookingid":2214},{"bookingid":1305},{"bookingid":2219},{"bookingid":2072},{"bookingid":1343},{"bookingid":2833},{"bookingid":1060},{"bookingid":700},{"bookingid":1313},{"bookingid":958},{"bookingid":523},{"bookingid":1319},{"bookingid":966},{"bookingid":2664},{"bookingid":71},{"bookingid":2952},{"bookingid":2029},{"bookingid":1658},{"bookingid":660},{"bookingid":1634},{"bookingid":2337},{"bookingid":41},{"bookingid":780},{"bookingid":1386},{"bookingid":426},{"bookingid":536},{"bookingid":219},{"bookingid":555},{"bookingid":2854},{"bookingid":2087},{"bookingid":668},{"bookingid":2410},{"bookingid":1256},{"bookingid":490},{"bookingid":1796},{"bookingid":1632},{"bookingid":188},{"bookingid":1693},{"bookingid":134},{"bookingid":378},{"bookingid":2430},{"bookingid":26},{"bookingid":1011},{"bookingid":2176},{"bookingid":2349},{"bookingid":2381},{"bookingid":2836},{"bookingid":243},{"bookingid":281},{"bookingid":506},{"bookingid":656},{"bookingid":59},{"bookingid":242},{"bookingid":2702},{"bookingid":964},{"bookingid":2367},{"bookingid":1975},{"bookingid":1475},{"bookingid":579},{"bookingid":2569},{"bookingid":1268},{"bookingid":1304},{"bookingid":1844},{"bookingid":955},{"bookingid":20... (set the log level to DEBUG or TRACE to see the full content) 
 </msg>
<msg time="2025-09-22T15:16:43.617691" level="INFO">C:\Users\emanu\AppData\Local\Programs\Python\Python313\Lib\site-packages\urllib3\connectionpool.py:1097: InsecureRequestWarning: Unverified HTTPS request is being made to host 'restful-booker.herokuapp.com'. Adding certificate verification is strongly advised. See: https://urllib3.readthedocs.io/en/latest/advanced-usage.html#tls-warnings
  warnings.warn(</msg>
<msg time="2025-09-22T15:16:43.618291" level="INFO">${response} = &lt;Response [200]&gt;</msg>
<var>${response}</var>
<arg>booker</arg>
<arg>/booking</arg>
<arg>expected_status=200</arg>
<doc>Sends a GET request on a previously created HTTP Session.</doc>
<status status="PASS" start="2025-09-22T15:16:43.079155" elapsed="0.539214"/>
</kw>
<kw name="Should Contain" owner="BuiltIn">
<arg>${response.headers['Content-Type']}</arg>
<arg>application/json</arg>
<doc>Fails if ``container`` does not contain ``item`` one or more times.</doc>
<status status="PASS" start="2025-09-22T15:16:43.618762" elapsed="0.000917"/>
</kw>
<kw name="Set Variable" owner="BuiltIn">
<msg time="2025-09-22T15:16:43.621777" level="INFO">${bookings} = [{'bookingid': 2066}, {'bookingid': 684}, {'bookingid': 1148}, {'bookingid': 2549}, {'bookingid': 3}, {'bookingid': 2880}, {'bookingid': 245}, {'bookingid': 1597}, {'bookingid': 1546}, {'bookingid': 1...</msg>
<var>${bookings}</var>
<arg>${response.json()}</arg>
<doc>Returns the given values which can then be assigned to a variables.</doc>
<status status="PASS" start="2025-09-22T15:16:43.620021" elapsed="0.001784"/>
</kw>
<kw name="Should Be True" owner="BuiltIn">
<arg>isinstance(${bookings}, list)</arg>
<doc>Fails if the given condition is not true.</doc>
<status status="PASS" start="2025-09-22T15:16:43.622054" elapsed="0.011208"/>
</kw>
<kw name="Should Be True" owner="BuiltIn">
<arg>len(${bookings}) &gt; 0</arg>
<doc>Fails if the given condition is not true.</doc>
<status status="PASS" start="2025-09-22T15:16:43.633576" elapsed="0.011347"/>
</kw>
<kw name="Log" owner="BuiltIn">
<msg time="2025-09-22T15:16:43.645739" level="INFO">Encontradas 2091 reservas</msg>
<arg>Encontradas ${bookings.__len__()} reservas</arg>
<doc>Logs the given message with the given level.</doc>
<status status="PASS" start="2025-09-22T15:16:43.645317" elapsed="0.000462"/>
</kw>
<doc>Verifica se a API retorna lista de reservas válida</doc>
<tag>get</tag>
<tag>smoke</tag>
<status status="PASS" start="2025-09-22T15:16:43.077414" elapsed="0.568575"/>
</test>
<test id="s1-t2" name="[POST] Criar nova reserva" line="21">
<kw name="Criar Sessao Booker" owner="booking_keywords">
<kw name="Create Session" owner="RequestsLibrary">
<msg time="2025-09-22T15:16:43.647261" level="INFO">Creating Session using : alias=booker, url=https://restful-booker.herokuapp.com, headers={},                     cookies={}, auth=None, timeout=None, proxies=None, verify=False,                     debug=0 </msg>
<arg>booker</arg>
<arg>${BASE_URL}</arg>
<doc>Create Session: create a HTTP session to a server</doc>
<status status="PASS" start="2025-09-22T15:16:43.647151" elapsed="0.000246"/>
</kw>
<status status="PASS" start="2025-09-22T15:16:43.646943" elapsed="0.000515"/>
</kw>
<kw name="Criar Reserva Payload" owner="booking_keywords">
<kw name="Create Dictionary" owner="BuiltIn">
<msg time="2025-09-22T15:16:43.648222" level="INFO">${dates} = {'checkin': '2025-09-01', 'checkout': '2025-09-10'}</msg>
<var>${dates}</var>
<arg>checkin=2025-09-01</arg>
<arg>checkout=2025-09-10</arg>
<doc>Creates and returns a dictionary based on the given ``items``.</doc>
<status status="PASS" start="2025-09-22T15:16:43.648010" elapsed="0.000236"/>
</kw>
<kw name="Create Dictionary" owner="BuiltIn">
<msg time="2025-09-22T15:16:43.648513" level="INFO">${payload} = {'firstname': 'Emanuel', 'lastname': 'Felipe', 'totalprice': '120', 'depositpaid': 'True', 'bookingdates': {'checkin': '2025-09-01', 'checkout': '2025-09-10'}, 'additionalneeds': 'Café da manhã'}</msg>
<var>${payload}</var>
<arg>firstname=Emanuel</arg>
<arg>lastname=Felipe</arg>
<arg>totalprice=120</arg>
<arg>depositpaid=True</arg>
<arg>bookingdates=${dates}</arg>
<arg>additionalneeds=Café da manhã</arg>
<doc>Creates and returns a dictionary based on the given ``items``.</doc>
<status status="PASS" start="2025-09-22T15:16:43.648326" elapsed="0.000209"/>
</kw>
<return>
<value>${payload}</value>
<status status="PASS" start="2025-09-22T15:16:43.648590" elapsed="0.000043"/>
</return>
<msg time="2025-09-22T15:16:43.648734" level="INFO">${payload} = {'firstname': 'Emanuel', 'lastname': 'Felipe', 'totalprice': '120', 'depositpaid': 'True', 'bookingdates': {'checkin': '2025-09-01', 'checkout': '2025-09-10'}, 'additionalneeds': 'Café da manhã'}</msg>
<var>${payload}</var>
<status status="PASS" start="2025-09-22T15:16:43.647810" elapsed="0.000943"/>
</kw>
<kw name="POST On Session" owner="RequestsLibrary">
<msg time="2025-09-22T15:16:44.024500" level="INFO">POST Request : url=https://restful-booker.herokuapp.com/booking 
 path_url=/booking 
 headers={'User-Agent': 'python-requests/2.32.5', 'Accept-Encoding': 'gzip, deflate', 'Accept': '*/*', 'Connection': 'keep-alive', 'Content-Length': '205', 'Content-Type': 'application/json'} 
 body=b'{"firstname": "Emanuel", "lastname": "Felipe", "totalprice": "120", "depositpaid": "True", "bookingdates": {"checkin": "2025-09-01", "checkout": "2025-09-10"}, "additionalneeds": "Caf\\u00e9 da manh\\u00e3"}' 
 </msg>
<msg time="2025-09-22T15:16:44.024577" level="INFO">POST Response : url=https://restful-booker.herokuapp.com/booking 
 status=200, reason=OK 
 headers={'Content-Length': '208', 'Content-Type': 'application/json; charset=utf-8', 'Date': 'Mon, 22 Sep 2025 18:16:49 GMT', 'Etag': 'W/"d0-hlr/eQYX86lAVsUh2SaoXUTaTto"', 'Nel': '{"report_to":"heroku-nel","response_headers":["Via"],"max_age":3600,"success_fraction":0.01,"failure_fraction":0.1}', 'Report-To': '{"group":"heroku-nel","endpoints":[{"url":"https://nel.heroku.com/reports?s=hYWeNBVzAOPnzZRM4OKRT6eWRJ%2F2uljBon3FgkSelbE%3D\\u0026sid=c46efe9b-d3d2-4a0c-8c76-bfafa16c5add\\u0026ts=1758565009"}],"max_age":3600}', 'Reporting-Endpoints': 'heroku-nel="https://nel.heroku.com/reports?s=hYWeNBVzAOPnzZRM4OKRT6eWRJ%2F2uljBon3FgkSelbE%3D&amp;sid=c46efe9b-d3d2-4a0c-8c76-bfafa16c5add&amp;ts=1758565009"', 'Server': 'Heroku', 'Via': '1.1 heroku-router', 'X-Powered-By': 'Express'} 
 body={"bookingid":3043,"booking":{"firstname":"Emanuel","lastname":"Felipe","totalprice":120,"depositpaid":true,"bookingdates":{"checkin":"2025-09-01","checkout":"2025-09-10"},"additionalneeds":"Café da manhã"}} 
 </msg>
<msg time="2025-09-22T15:16:44.024642" level="INFO">C:\Users\emanu\AppData\Local\Programs\Python\Python313\Lib\site-packages\urllib3\connectionpool.py:1097: InsecureRequestWarning: Unverified HTTPS request is being made to host 'restful-booker.herokuapp.com'. Adding certificate verification is strongly advised. See: https://urllib3.readthedocs.io/en/latest/advanced-usage.html#tls-warnings
  warnings.warn(</msg>
<msg time="2025-09-22T15:16:44.024964" level="INFO">${response} = &lt;Response [200]&gt;</msg>
<var>${response}</var>
<arg>booker</arg>
<arg>/booking</arg>
<arg>json=${payload}</arg>
<doc>Sends a POST request on a previously created HTTP Session.</doc>
<status status="PASS" start="2025-09-22T15:16:43.648933" elapsed="0.376089"/>
</kw>
<kw name="Should Be Equal As Integers" owner="BuiltIn">
<msg time="2025-09-22T15:16:44.025700" level="INFO">Argument types are:
&lt;class 'int'&gt;
&lt;class 'str'&gt;</msg>
<arg>${response.status_code}</arg>
<arg>200</arg>
<doc>Fails if objects are unequal after converting them to integers.</doc>
<status status="PASS" start="2025-09-22T15:16:44.025325" elapsed="0.000426"/>
</kw>
<kw name="Log" owner="BuiltIn">
<msg time="2025-09-22T15:16:44.026210" level="INFO">{'bookingid': 3043, 'booking': {'firstname': 'Emanuel', 'lastname': 'Felipe', 'totalprice': 120, 'depositpaid': True, 'bookingdates': {'checkin': '2025-09-01', 'checkout': '2025-09-10'}, 'additionalneeds': 'Café da manhã'}}</msg>
<arg>${response.json()}</arg>
<doc>Logs the given message with the given level.</doc>
<status status="PASS" start="2025-09-22T15:16:44.025900" elapsed="0.000346"/>
</kw>
<kw name="Set Suite Variable" owner="BuiltIn">
<msg time="2025-09-22T15:16:44.027118" level="INFO">${bookingid} = 3043</msg>
<arg>${bookingid}</arg>
<arg>${response.json()['bookingid']}</arg>
<doc>Makes a variable available everywhere within the scope of the current suite.</doc>
<status status="PASS" start="2025-09-22T15:16:44.026461" elapsed="0.000691"/>
</kw>
<status status="PASS" start="2025-09-22T15:16:43.646564" elapsed="0.380743"/>
</test>
<test id="s1-t3" name="[PUT] Atualizar reserva existente" line="29">
<kw name="Criar Sessao Booker" owner="booking_keywords">
<kw name="Create Session" owner="RequestsLibrary">
<msg time="2025-09-22T15:16:44.028565" level="INFO">Creating Session using : alias=booker, url=https://restful-booker.herokuapp.com, headers={},                     cookies={}, auth=None, timeout=None, proxies=None, verify=False,                     debug=0 </msg>
<arg>booker</arg>
<arg>${BASE_URL}</arg>
<doc>Create Session: create a HTTP session to a server</doc>
<status status="PASS" start="2025-09-22T15:16:44.028459" elapsed="0.000230"/>
</kw>
<status status="PASS" start="2025-09-22T15:16:44.028277" elapsed="0.000462"/>
</kw>
<kw name="Gerar Token" owner="booking_keywords">
<kw name="Create Dictionary" owner="BuiltIn">
<msg time="2025-09-22T15:16:44.029275" level="INFO">${auth} = {'username': 'admin', 'password': 'password123'}</msg>
<var>${auth}</var>
<arg>username=admin</arg>
<arg>password=password123</arg>
<doc>Creates and returns a dictionary based on the given ``items``.</doc>
<status status="PASS" start="2025-09-22T15:16:44.029140" elapsed="0.000156"/>
</kw>
<kw name="POST On Session" owner="RequestsLibrary">
<msg time="2025-09-22T15:16:44.400183" level="INFO">POST Request : url=https://restful-booker.herokuapp.com/auth 
 path_url=/auth 
 headers={'User-Agent': 'python-requests/2.32.5', 'Accept-Encoding': 'gzip, deflate', 'Accept': '*/*', 'Connection': 'keep-alive', 'Content-Length': '48', 'Content-Type': 'application/json'} 
 body=b'{"username": "admin", "password": "password123"}' 
 </msg>
<msg time="2025-09-22T15:16:44.400257" level="INFO">POST Response : url=https://restful-booker.herokuapp.com/auth 
 status=200, reason=OK 
 headers={'Content-Length': '27', 'Content-Type': 'application/json; charset=utf-8', 'Date': 'Mon, 22 Sep 2025 18:16:50 GMT', 'Etag': 'W/"1b-XHQag2m9w1Pu5reqOkQ7D9dyo68"', 'Nel': '{"report_to":"heroku-nel","response_headers":["Via"],"max_age":3600,"success_fraction":0.01,"failure_fraction":0.1}', 'Report-To': '{"group":"heroku-nel","endpoints":[{"url":"https://nel.heroku.com/reports?s=%2F9ziwsg01KOhf5S8rxDDkGULpVr7TlfBK1c%2BuajyLY0%3D\\u0026sid=c46efe9b-d3d2-4a0c-8c76-bfafa16c5add\\u0026ts=1758565010"}],"max_age":3600}', 'Reporting-Endpoints': 'heroku-nel="https://nel.heroku.com/reports?s=%2F9ziwsg01KOhf5S8rxDDkGULpVr7TlfBK1c%2BuajyLY0%3D&amp;sid=c46efe9b-d3d2-4a0c-8c76-bfafa16c5add&amp;ts=1758565010"', 'Server': 'Heroku', 'Via': '1.1 heroku-router', 'X-Powered-By': 'Express'} 
 body={"token":"b99bdd6c2093732"} 
 </msg>
<msg time="2025-09-22T15:16:44.400314" level="INFO">C:\Users\emanu\AppData\Local\Programs\Python\Python313\Lib\site-packages\urllib3\connectionpool.py:1097: InsecureRequestWarning: Unverified HTTPS request is being made to host 'restful-booker.herokuapp.com'. Adding certificate verification is strongly advised. See: https://urllib3.readthedocs.io/en/latest/advanced-usage.html#tls-warnings
  warnings.warn(</msg>
<msg time="2025-09-22T15:16:44.400566" level="INFO">${response} = &lt;Response [200]&gt;</msg>
<var>${response}</var>
<arg>booker</arg>
<arg>/auth</arg>
<arg>json=${auth}</arg>
<doc>Sends a POST request on a previously created HTTP Session.</doc>
<status status="PASS" start="2025-09-22T15:16:44.029371" elapsed="0.371223"/>
</kw>
<kw name="Should Be Equal As Integers" owner="BuiltIn">
<msg time="2025-09-22T15:16:44.401063" level="INFO">Argument types are:
&lt;class 'int'&gt;
&lt;class 'str'&gt;</msg>
<arg>${response.status_code}</arg>
<arg>200</arg>
<doc>Fails if objects are unequal after converting them to integers.</doc>
<status status="PASS" start="2025-09-22T15:16:44.400718" elapsed="0.000391"/>
</kw>
<kw name="Set Variable" owner="BuiltIn">
<msg time="2025-09-22T15:16:44.401485" level="INFO">${token} = b99bdd6c2093732</msg>
<var>${token}</var>
<arg>${response.json()['token']}</arg>
<doc>Returns the given values which can then be assigned to a variables.</doc>
<status status="PASS" start="2025-09-22T15:16:44.401188" elapsed="0.000317"/>
</kw>
<return>
<value>${token}</value>
<status status="PASS" start="2025-09-22T15:16:44.401547" elapsed="0.000038"/>
</return>
<msg time="2025-09-22T15:16:44.401682" level="INFO">${token} = b99bdd6c2093732</msg>
<var>${token}</var>
<status status="PASS" start="2025-09-22T15:16:44.028971" elapsed="0.372730"/>
</kw>
<kw name="Criar Reserva Atualizada" owner="booking_keywords">
<kw name="Create Dictionary" owner="BuiltIn">
<msg time="2025-09-22T15:16:44.402300" level="INFO">${dates} = {'checkin': '2025-10-01', 'checkout': '2025-10-15'}</msg>
<var>${dates}</var>
<arg>checkin=2025-10-01</arg>
<arg>checkout=2025-10-15</arg>
<doc>Creates and returns a dictionary based on the given ``items``.</doc>
<status status="PASS" start="2025-09-22T15:16:44.402157" elapsed="0.000166"/>
</kw>
<kw name="Create Dictionary" owner="BuiltIn">
<msg time="2025-09-22T15:16:44.402583" level="INFO">${payload} = {'firstname': 'Emanuel', 'lastname': 'QA', 'totalprice': '300', 'depositpaid': 'False', 'bookingdates': {'checkin': '2025-10-01', 'checkout': '2025-10-15'}, 'additionalneeds': 'Almoço'}</msg>
<var>${payload}</var>
<arg>firstname=Emanuel</arg>
<arg>lastname=QA</arg>
<arg>totalprice=300</arg>
<arg>depositpaid=False</arg>
<arg>bookingdates=${dates}</arg>
<arg>additionalneeds=Almoço</arg>
<doc>Creates and returns a dictionary based on the given ``items``.</doc>
<status status="PASS" start="2025-09-22T15:16:44.402409" elapsed="0.000197"/>
</kw>
<return>
<value>${payload}</value>
<status status="PASS" start="2025-09-22T15:16:44.402652" elapsed="0.000026"/>
</return>
<msg time="2025-09-22T15:16:44.402772" level="INFO">${payload} = {'firstname': 'Emanuel', 'lastname': 'QA', 'totalprice': '300', 'depositpaid': 'False', 'bookingdates': {'checkin': '2025-10-01', 'checkout': '2025-10-15'}, 'additionalneeds': 'Almoço'}</msg>
<var>${payload}</var>
<status status="PASS" start="2025-09-22T15:16:44.401956" elapsed="0.000836"/>
</kw>
<kw name="Create Dictionary" owner="BuiltIn">
<msg time="2025-09-22T15:16:44.403177" level="INFO">${headers} = {'Cookie': 'token=b99bdd6c2093732'}</msg>
<var>${headers}</var>
<arg>Cookie=token=${token}</arg>
<doc>Creates and returns a dictionary based on the given ``items``.</doc>
<status status="PASS" start="2025-09-22T15:16:44.403006" elapsed="0.000192"/>
</kw>
<kw name="PUT On Session" owner="RequestsLibrary">
<msg time="2025-09-22T15:16:44.497352" level="INFO">PUT Request : url=https://restful-booker.herokuapp.com/booking/3043 
 path_url=/booking/3043 
 headers={'User-Agent': 'python-requests/2.32.5', 'Accept-Encoding': 'gzip, deflate', 'Accept': '*/*', 'Connection': 'keep-alive', 'Cookie': 'token=b99bdd6c2093732', 'Content-Length': '190', 'Content-Type': 'application/json'} 
 body=b'{"firstname": "Emanuel", "lastname": "QA", "totalprice": "300", "depositpaid": "False", "bookingdates": {"checkin": "2025-10-01", "checkout": "2025-10-15"}, "additionalneeds": "Almo\\u00e7o"}' 
 </msg>
<msg time="2025-09-22T15:16:44.497430" level="INFO">PUT Response : url=https://restful-booker.herokuapp.com/booking/3043 
 status=200, reason=OK 
 headers={'Content-Length': '167', 'Content-Type': 'application/json; charset=utf-8', 'Date': 'Mon, 22 Sep 2025 18:16:50 GMT', 'Etag': 'W/"a7-v5aEDj9ABxp5yp0iB6KhFK5/ixs"', 'Nel': '{"report_to":"heroku-nel","response_headers":["Via"],"max_age":3600,"success_fraction":0.01,"failure_fraction":0.1}', 'Report-To': '{"group":"heroku-nel","endpoints":[{"url":"https://nel.heroku.com/reports?s=%2F9ziwsg01KOhf5S8rxDDkGULpVr7TlfBK1c%2BuajyLY0%3D\\u0026sid=c46efe9b-d3d2-4a0c-8c76-bfafa16c5add\\u0026ts=1758565010"}],"max_age":3600}', 'Reporting-Endpoints': 'heroku-nel="https://nel.heroku.com/reports?s=%2F9ziwsg01KOhf5S8rxDDkGULpVr7TlfBK1c%2BuajyLY0%3D&amp;sid=c46efe9b-d3d2-4a0c-8c76-bfafa16c5add&amp;ts=1758565010"', 'Server': 'Heroku', 'Via': '1.1 heroku-router', 'X-Powered-By': 'Express'} 
 body={"firstname":"Emanuel","lastname":"QA","totalprice":300,"depositpaid":true,"bookingdates":{"checkin":"2025-10-01","checkout":"2025-10-15"},"additionalneeds":"Almoço"} 
 </msg>
<msg time="2025-09-22T15:16:44.497561" level="INFO">C:\Users\emanu\AppData\Local\Programs\Python\Python313\Lib\site-packages\urllib3\connectionpool.py:1097: InsecureRequestWarning: Unverified HTTPS request is being made to host 'restful-booker.herokuapp.com'. Adding certificate verification is strongly advised. See: https://urllib3.readthedocs.io/en/latest/advanced-usage.html#tls-warnings
  warnings.warn(</msg>
<msg time="2025-09-22T15:16:44.497864" level="INFO">${response} = &lt;Response [200]&gt;</msg>
<var>${response}</var>
<arg>booker</arg>
<arg>/booking/${bookingid}</arg>
<arg>json=${payload}</arg>
<arg>headers=${headers}</arg>
<doc>Sends a PUT request on a previously created HTTP Session.</doc>
<status status="PASS" start="2025-09-22T15:16:44.403360" elapsed="0.094531"/>
</kw>
<kw name="Should Be Equal As Integers" owner="BuiltIn">
<msg time="2025-09-22T15:16:44.498457" level="INFO">Argument types are:
&lt;class 'int'&gt;
&lt;class 'str'&gt;</msg>
<arg>${response.status_code}</arg>
<arg>200</arg>
<doc>Fails if objects are unequal after converting them to integers.</doc>
<status status="PASS" start="2025-09-22T15:16:44.498103" elapsed="0.000398"/>
</kw>
<kw name="Log" owner="BuiltIn">
<msg time="2025-09-22T15:16:44.498960" level="INFO">{'firstname': 'Emanuel', 'lastname': 'QA', 'totalprice': 300, 'depositpaid': True, 'bookingdates': {'checkin': '2025-10-01', 'checkout': '2025-10-15'}, 'additionalneeds': 'Almoço'}</msg>
<arg>${response.json()}</arg>
<doc>Logs the given message with the given level.</doc>
<status status="PASS" start="2025-09-22T15:16:44.498648" elapsed="0.000347"/>
</kw>
<status status="PASS" start="2025-09-22T15:16:44.027927" elapsed="0.471233"/>
</test>
<test id="s1-t4" name="[DELETE] Excluir reserva" line="38">
<kw name="Criar Sessao Booker" owner="booking_keywords">
<kw name="Create Session" owner="RequestsLibrary">
<msg time="2025-09-22T15:16:44.500251" level="INFO">Creating Session using : alias=booker, url=https://restful-booker.herokuapp.com, headers={},                     cookies={}, auth=None, timeout=None, proxies=None, verify=False,                     debug=0 </msg>
<arg>booker</arg>
<arg>${BASE_URL}</arg>
<doc>Create Session: create a HTTP session to a server</doc>
<status status="PASS" start="2025-09-22T15:16:44.500154" elapsed="0.000235"/>
</kw>
<status status="PASS" start="2025-09-22T15:16:44.499984" elapsed="0.000456"/>
</kw>
<kw name="Gerar Token" owner="booking_keywords">
<kw name="Create Dictionary" owner="BuiltIn">
<msg time="2025-09-22T15:16:44.500922" level="INFO">${auth} = {'username': 'admin', 'password': 'password123'}</msg>
<var>${auth}</var>
<arg>username=admin</arg>
<arg>password=password123</arg>
<doc>Creates and returns a dictionary based on the given ``items``.</doc>
<status status="PASS" start="2025-09-22T15:16:44.500789" elapsed="0.000153"/>
</kw>
<kw name="POST On Session" owner="RequestsLibrary">
<msg time="2025-09-22T15:16:44.870511" level="INFO">POST Request : url=https://restful-booker.herokuapp.com/auth 
 path_url=/auth 
 headers={'User-Agent': 'python-requests/2.32.5', 'Accept-Encoding': 'gzip, deflate', 'Accept': '*/*', 'Connection': 'keep-alive', 'Content-Length': '48', 'Content-Type': 'application/json'} 
 body=b'{"username": "admin", "password": "password123"}' 
 </msg>
<msg time="2025-09-22T15:16:44.870586" level="INFO">POST Response : url=https://restful-booker.herokuapp.com/auth 
 status=200, reason=OK 
 headers={'Content-Length': '27', 'Content-Type': 'application/json; charset=utf-8', 'Date': 'Mon, 22 Sep 2025 18:16:50 GMT', 'Etag': 'W/"1b-aiathFB87nmZOg9Conw5cJcaer4"', 'Nel': '{"report_to":"heroku-nel","response_headers":["Via"],"max_age":3600,"success_fraction":0.01,"failure_fraction":0.1}', 'Report-To': '{"group":"heroku-nel","endpoints":[{"url":"https://nel.heroku.com/reports?s=%2F9ziwsg01KOhf5S8rxDDkGULpVr7TlfBK1c%2BuajyLY0%3D\\u0026sid=c46efe9b-d3d2-4a0c-8c76-bfafa16c5add\\u0026ts=1758565010"}],"max_age":3600}', 'Reporting-Endpoints': 'heroku-nel="https://nel.heroku.com/reports?s=%2F9ziwsg01KOhf5S8rxDDkGULpVr7TlfBK1c%2BuajyLY0%3D&amp;sid=c46efe9b-d3d2-4a0c-8c76-bfafa16c5add&amp;ts=1758565010"', 'Server': 'Heroku', 'Via': '1.1 heroku-router', 'X-Powered-By': 'Express'} 
 body={"token":"05bdd0f6698a552"} 
 </msg>
<msg time="2025-09-22T15:16:44.870642" level="INFO">C:\Users\emanu\AppData\Local\Programs\Python\Python313\Lib\site-packages\urllib3\connectionpool.py:1097: InsecureRequestWarning: Unverified HTTPS request is being made to host 'restful-booker.herokuapp.com'. Adding certificate verification is strongly advised. See: https://urllib3.readthedocs.io/en/latest/advanced-usage.html#tls-warnings
  warnings.warn(</msg>
<msg time="2025-09-22T15:16:44.870899" level="INFO">${response} = &lt;Response [200]&gt;</msg>
<var>${response}</var>
<arg>booker</arg>
<arg>/auth</arg>
<arg>json=${auth}</arg>
<doc>Sends a POST request on a previously created HTTP Session.</doc>
<status status="PASS" start="2025-09-22T15:16:44.501014" elapsed="0.369912"/>
</kw>
<kw name="Should Be Equal As Integers" owner="BuiltIn">
<msg time="2025-09-22T15:16:44.871421" level="INFO">Argument types are:
&lt;class 'int'&gt;
&lt;class 'str'&gt;</msg>
<arg>${response.status_code}</arg>
<arg>200</arg>
<doc>Fails if objects are unequal after converting them to integers.</doc>
<status status="PASS" start="2025-09-22T15:16:44.871056" elapsed="0.000411"/>
</kw>
<kw name="Set Variable" owner="BuiltIn">
<msg time="2025-09-22T15:16:44.871870" level="INFO">${token} = 05bdd0f6698a552</msg>
<var>${token}</var>
<arg>${response.json()['token']}</arg>
<doc>Returns the given values which can then be assigned to a variables.</doc>
<status status="PASS" start="2025-09-22T15:16:44.871555" elapsed="0.000335"/>
</kw>
<return>
<value>${token}</value>
<status status="PASS" start="2025-09-22T15:16:44.871930" elapsed="0.000027"/>
</return>
<msg time="2025-09-22T15:16:44.872051" level="INFO">${token} = 05bdd0f6698a552</msg>
<var>${token}</var>
<status status="PASS" start="2025-09-22T15:16:44.500631" elapsed="0.371438"/>
</kw>
<kw name="Create Dictionary" owner="BuiltIn">
<msg time="2025-09-22T15:16:44.872451" level="INFO">${headers} = {'Cookie': 'token=05bdd0f6698a552'}</msg>
<var>${headers}</var>
<arg>Cookie=token=${token}</arg>
<doc>Creates and returns a dictionary based on the given ``items``.</doc>
<status status="PASS" start="2025-09-22T15:16:44.872271" elapsed="0.000201"/>
</kw>
<kw name="DELETE On Session" owner="RequestsLibrary">
<msg time="2025-09-22T15:16:44.963268" level="INFO">DELETE Request : url=https://restful-booker.herokuapp.com/booking/3043 
 path_url=/booking/3043 
 headers={'User-Agent': 'python-requests/2.32.5', 'Accept-Encoding': 'gzip, deflate', 'Accept': '*/*', 'Connection': 'keep-alive', 'Cookie': 'token=05bdd0f6698a552', 'Content-Length': '0'} 
 body=None 
 </msg>
<msg time="2025-09-22T15:16:44.963398" level="INFO">DELETE Response : url=https://restful-booker.herokuapp.com/booking/3043 
 status=201, reason=Created 
 headers={'Content-Length': '7', 'Content-Type': 'text/plain; charset=utf-8', 'Date': 'Mon, 22 Sep 2025 18:16:50 GMT', 'Etag': 'W/"7-rM9AyJuqT6iOan/xHh+AW+7K/T8"', 'Nel': '{"report_to":"heroku-nel","response_headers":["Via"],"max_age":3600,"success_fraction":0.01,"failure_fraction":0.1}', 'Report-To': '{"group":"heroku-nel","endpoints":[{"url":"https://nel.heroku.com/reports?s=%2F9ziwsg01KOhf5S8rxDDkGULpVr7TlfBK1c%2BuajyLY0%3D\\u0026sid=c46efe9b-d3d2-4a0c-8c76-bfafa16c5add\\u0026ts=1758565010"}],"max_age":3600}', 'Reporting-Endpoints': 'heroku-nel="https://nel.heroku.com/reports?s=%2F9ziwsg01KOhf5S8rxDDkGULpVr7TlfBK1c%2BuajyLY0%3D&amp;sid=c46efe9b-d3d2-4a0c-8c76-bfafa16c5add&amp;ts=1758565010"', 'Server': 'Heroku', 'Via': '1.1 heroku-router', 'X-Powered-By': 'Express'} 
 body=Created 
 </msg>
<msg time="2025-09-22T15:16:44.963505" level="INFO">C:\Users\emanu\AppData\Local\Programs\Python\Python313\Lib\site-packages\urllib3\connectionpool.py:1097: InsecureRequestWarning: Unverified HTTPS request is being made to host 'restful-booker.herokuapp.com'. Adding certificate verification is strongly advised. See: https://urllib3.readthedocs.io/en/latest/advanced-usage.html#tls-warnings
  warnings.warn(</msg>
<msg time="2025-09-22T15:16:44.964075" level="INFO">${response} = &lt;Response [201]&gt;</msg>
<var>${response}</var>
<arg>booker</arg>
<arg>/booking/${bookingid}</arg>
<arg>headers=${headers}</arg>
<doc>Sends a DELETE request on a previously created HTTP Session.</doc>
<status status="PASS" start="2025-09-22T15:16:44.872631" elapsed="0.091487"/>
</kw>
<kw name="Should Be Equal As Integers" owner="BuiltIn">
<msg time="2025-09-22T15:16:44.964772" level="INFO">Argument types are:
&lt;class 'int'&gt;
&lt;class 'str'&gt;</msg>
<arg>${response.status_code}</arg>
<arg>201</arg>
<doc>Fails if objects are unequal after converting them to integers.</doc>
<status status="PASS" start="2025-09-22T15:16:44.964365" elapsed="0.000455"/>
</kw>
<status status="PASS" start="2025-09-22T15:16:44.499653" elapsed="0.465346"/>
</test>
<test id="s1-t5" name="[DELETE] Excluir reserva inexistente" line="45">
<kw name="Criar Sessao Booker" owner="booking_keywords">
<kw name="Create Session" owner="RequestsLibrary">
<msg time="2025-09-22T15:16:44.966192" level="INFO">Creating Session using : alias=booker, url=https://restful-booker.herokuapp.com, headers={},                     cookies={}, auth=None, timeout=None, proxies=None, verify=False,                     debug=0 </msg>
<arg>booker</arg>
<arg>${BASE_URL}</arg>
<doc>Create Session: create a HTTP session to a server</doc>
<status status="PASS" start="2025-09-22T15:16:44.966082" elapsed="0.000234"/>
</kw>
<status status="PASS" start="2025-09-22T15:16:44.965889" elapsed="0.000479"/>
</kw>
<kw name="Gerar Token" owner="booking_keywords">
<kw name="Create Dictionary" owner="BuiltIn">
<msg time="2025-09-22T15:16:44.966890" level="INFO">${auth} = {'username': 'admin', 'password': 'password123'}</msg>
<var>${auth}</var>
<arg>username=admin</arg>
<arg>password=password123</arg>
<doc>Creates and returns a dictionary based on the given ``items``.</doc>
<status status="PASS" start="2025-09-22T15:16:44.966751" elapsed="0.000172"/>
</kw>
<kw name="POST On Session" owner="RequestsLibrary">
<msg time="2025-09-22T15:16:45.337028" level="INFO">POST Request : url=https://restful-booker.herokuapp.com/auth 
 path_url=/auth 
 headers={'User-Agent': 'python-requests/2.32.5', 'Accept-Encoding': 'gzip, deflate', 'Accept': '*/*', 'Connection': 'keep-alive', 'Content-Length': '48', 'Content-Type': 'application/json'} 
 body=b'{"username": "admin", "password": "password123"}' 
 </msg>
<msg time="2025-09-22T15:16:45.337125" level="INFO">POST Response : url=https://restful-booker.herokuapp.com/auth 
 status=200, reason=OK 
 headers={'Content-Length': '27', 'Content-Type': 'application/json; charset=utf-8', 'Date': 'Mon, 22 Sep 2025 18:16:50 GMT', 'Etag': 'W/"1b-DtuJGIXRcIxNz/0lU7t50pVRbQ8"', 'Nel': '{"report_to":"heroku-nel","response_headers":["Via"],"max_age":3600,"success_fraction":0.01,"failure_fraction":0.1}', 'Report-To': '{"group":"heroku-nel","endpoints":[{"url":"https://nel.heroku.com/reports?s=%2F9ziwsg01KOhf5S8rxDDkGULpVr7TlfBK1c%2BuajyLY0%3D\\u0026sid=c46efe9b-d3d2-4a0c-8c76-bfafa16c5add\\u0026ts=1758565010"}],"max_age":3600}', 'Reporting-Endpoints': 'heroku-nel="https://nel.heroku.com/reports?s=%2F9ziwsg01KOhf5S8rxDDkGULpVr7TlfBK1c%2BuajyLY0%3D&amp;sid=c46efe9b-d3d2-4a0c-8c76-bfafa16c5add&amp;ts=1758565010"', 'Server': 'Heroku', 'Via': '1.1 heroku-router', 'X-Powered-By': 'Express'} 
 body={"token":"99c746f78878de5"} 
 </msg>
<msg time="2025-09-22T15:16:45.337183" level="INFO">C:\Users\emanu\AppData\Local\Programs\Python\Python313\Lib\site-packages\urllib3\connectionpool.py:1097: InsecureRequestWarning: Unverified HTTPS request is being made to host 'restful-booker.herokuapp.com'. Adding certificate verification is strongly advised. See: https://urllib3.readthedocs.io/en/latest/advanced-usage.html#tls-warnings
  warnings.warn(</msg>
<msg time="2025-09-22T15:16:45.337440" level="INFO">${response} = &lt;Response [200]&gt;</msg>
<var>${response}</var>
<arg>booker</arg>
<arg>/auth</arg>
<arg>json=${auth}</arg>
<doc>Sends a POST request on a previously created HTTP Session.</doc>
<status status="PASS" start="2025-09-22T15:16:44.966998" elapsed="0.370470"/>
</kw>
<kw name="Should Be Equal As Integers" owner="BuiltIn">
<msg time="2025-09-22T15:16:45.337963" level="INFO">Argument types are:
&lt;class 'int'&gt;
&lt;class 'str'&gt;</msg>
<arg>${response.status_code}</arg>
<arg>200</arg>
<doc>Fails if objects are unequal after converting them to integers.</doc>
<status status="PASS" start="2025-09-22T15:16:45.337602" elapsed="0.000404"/>
</kw>
<kw name="Set Variable" owner="BuiltIn">
<msg time="2025-09-22T15:16:45.338386" level="INFO">${token} = 99c746f78878de5</msg>
<var>${token}</var>
<arg>${response.json()['token']}</arg>
<doc>Returns the given values which can then be assigned to a variables.</doc>
<status status="PASS" start="2025-09-22T15:16:45.338083" elapsed="0.000322"/>
</kw>
<return>
<value>${token}</value>
<status status="PASS" start="2025-09-22T15:16:45.338446" elapsed="0.000029"/>
</return>
<msg time="2025-09-22T15:16:45.338570" level="INFO">${token} = 99c746f78878de5</msg>
<var>${token}</var>
<status status="PASS" start="2025-09-22T15:16:44.966583" elapsed="0.372005"/>
</kw>
<kw name="Create Dictionary" owner="BuiltIn">
<msg time="2025-09-22T15:16:45.338987" level="INFO">${headers} = {'Cookie': 'token=99c746f78878de5'}</msg>
<var>${headers}</var>
<arg>Cookie=token=${token}</arg>
<doc>Creates and returns a dictionary based on the given ``items``.</doc>
<status status="PASS" start="2025-09-22T15:16:45.338807" elapsed="0.000201"/>
</kw>
<kw name="DELETE On Session" owner="RequestsLibrary">
<msg time="2025-09-22T15:16:45.430264" level="INFO">DELETE Request : url=https://restful-booker.herokuapp.com/booking/99999 
 path_url=/booking/99999 
 headers={'User-Agent': 'python-requests/2.32.5', 'Accept-Encoding': 'gzip, deflate', 'Accept': '*/*', 'Connection': 'keep-alive', 'Cookie': 'token=99c746f78878de5', 'Content-Length': '0'} 
 body=None 
 </msg>
<msg time="2025-09-22T15:16:45.430338" level="INFO">DELETE Response : url=https://restful-booker.herokuapp.com/booking/99999 
 status=405, reason=Method Not Allowed 
 headers={'Content-Length': '18', 'Content-Type': 'text/plain; charset=utf-8', 'Date': 'Mon, 22 Sep 2025 18:16:51 GMT', 'Etag': 'W/"12-UGJMK66P4abaBlq0vKHJaCKuGCA"', 'Nel': '{"report_to":"heroku-nel","response_headers":["Via"],"max_age":3600,"success_fraction":0.01,"failure_fraction":0.1}', 'Report-To': '{"group":"heroku-nel","endpoints":[{"url":"https://nel.heroku.com/reports?s=lQrR2zNpM3V%2F6V1iO1FzmEQHyGpMDNJrHpDlwqyK4rY%3D\\u0026sid=c46efe9b-d3d2-4a0c-8c76-bfafa16c5add\\u0026ts=1758565011"}],"max_age":3600}', 'Reporting-Endpoints': 'heroku-nel="https://nel.heroku.com/reports?s=lQrR2zNpM3V%2F6V1iO1FzmEQHyGpMDNJrHpDlwqyK4rY%3D&amp;sid=c46efe9b-d3d2-4a0c-8c76-bfafa16c5add&amp;ts=1758565011"', 'Server': 'Heroku', 'Via': '1.1 heroku-router', 'X-Powered-By': 'Express'} 
 body=Method Not Allowed 
 </msg>
<msg time="2025-09-22T15:16:45.430399" level="INFO">C:\Users\emanu\AppData\Local\Programs\Python\Python313\Lib\site-packages\urllib3\connectionpool.py:1097: InsecureRequestWarning: Unverified HTTPS request is being made to host 'restful-booker.herokuapp.com'. Adding certificate verification is strongly advised. See: https://urllib3.readthedocs.io/en/latest/advanced-usage.html#tls-warnings
  warnings.warn(</msg>
<msg time="2025-09-22T15:16:45.430644" level="INFO">${response} = &lt;Response [405]&gt;</msg>
<var>${response}</var>
<arg>booker</arg>
<arg>/booking/99999</arg>
<arg>headers=${headers}</arg>
<arg>expected_status=405</arg>
<doc>Sends a DELETE request on a previously created HTTP Session.</doc>
<status status="PASS" start="2025-09-22T15:16:45.339192" elapsed="0.091478"/>
</kw>
<kw name="Should Be Equal As Integers" owner="BuiltIn">
<msg time="2025-09-22T15:16:45.431215" level="INFO">Argument types are:
&lt;class 'int'&gt;
&lt;class 'str'&gt;</msg>
<arg>${response.status_code}</arg>
<arg>405</arg>
<doc>Fails if objects are unequal after converting them to integers.</doc>
<status status="PASS" start="2025-09-22T15:16:45.430863" elapsed="0.000396"/>
</kw>
<kw name="Log" owner="BuiltIn">
<msg time="2025-09-22T15:16:45.431584" level="INFO">Tentativa de exclusão de reserva inexistente retornou 405 conforme esperado</msg>
<arg>Tentativa de exclusão de reserva inexistente retornou 405 conforme esperado</arg>
<doc>Logs the given message with the given level.</doc>
<status status="PASS" start="2025-09-22T15:16:45.431507" elapsed="0.000112"/>
</kw>
<doc>Verifica se a API retorna 405 ao tentar excluir reserva que não existe</doc>
<tag>delete</tag>
<tag>negative</tag>
<status status="PASS" start="2025-09-22T15:16:44.965433" elapsed="0.466372"/>
</test>
<status status="PASS" start="2025-09-22T15:16:42.963631" elapsed="2.468860"/>
</suite>
<statistics>
<total>
<stat pass="5" fail="0" skip="0">All Tests</stat>
</total>
<tag>
<stat pass="1" fail="0" skip="0">delete</stat>
<stat pass="1" fail="0" skip="0">get</stat>
<stat pass="1" fail="0" skip="0">negative</stat>
<stat pass="1" fail="0" skip="0">smoke</stat>
</tag>
<suite>
<stat name="Booking Tests" id="s1" pass="5" fail="0" skip="0">Booking Tests</stat>
</suite>
</statistics>
<errors>
</errors>
</robot>
